<?xml version="1.0" encoding="UTF-8"?>
<!-- Generated by org.testng.reporters.JUnitXMLReporter -->
<testsuite ignored="0" hostname="IN15I51216GR512" failures="4" tests="7" name="Surefire test" time="80.437" errors="0" timestamp="2025-02-17T03:14:58 IST">
  <testcase classname="nnd.TestCases.DB_LoginTest" name="inValidUserLogin" time="8.481">
    <failure type="java.lang.AssertionError" message="Log in failed expected [Log in successful.] but found [User does not exist.]">
      <![CDATA[java.lang.AssertionError: Log in failed expected [Log in successful.] but found [User does not exist.]
at nnd.Pages.DB_LoginPage.loginAlertHandle(DB_LoginPage.java:126)
at nnd.TestCases.DB_LoginTest.inValidUserLogin(DB_LoginTest.java:83)
at java.base/java.util.ArrayList.forEach(ArrayList.java:1596)
... Removed 35 stack frames]]>
    </failure>
  </testcase> <!-- inValidUserLogin -->
  <testcase classname="nnd.TestCases.DB_LoginTest" name="inValidUserLogin" time="8.437">
    <failure type="java.lang.AssertionError" message="Log in failed expected [Log in successful.] but found [User does not exist.]">
      <![CDATA[java.lang.AssertionError: Log in failed expected [Log in successful.] but found [User does not exist.]
at nnd.Pages.DB_LoginPage.loginAlertHandle(DB_LoginPage.java:126)
at nnd.TestCases.DB_LoginTest.inValidUserLogin(DB_LoginTest.java:83)
at java.base/java.util.ArrayList.forEach(ArrayList.java:1596)
... Removed 35 stack frames]]>
    </failure>
  </testcase> <!-- inValidUserLogin -->
  <testcase classname="nnd.TestCases.DB_LoginTest" name="validUserLogin" time="5.468"/>
  <testcase classname="nnd.TestCases.DB_LoginTest" name="validUserLogin" time="5.431"/>
  <testcase classname="nnd.TestCases.DB_HomeTest" name="verifyPurchaseItem" time="6.963"/>
  <testcase classname="nnd.TestCases.DB_RegisterTest" name="validUserSignUp" time="10.438">
    <failure type="java.lang.AssertionError" message="Signup failed expected [Sign up successful.] but found [This user already exist.]">
      <![CDATA[java.lang.AssertionError: Signup failed expected [Sign up successful.] but found [This user already exist.]
at nnd.Pages.DB_RegisterPage.clickSignUp(DB_RegisterPage.java:67)
at nnd.TestCases.DB_RegisterTest.validUserSignUp(DB_RegisterTest.java:55)
at java.base/java.util.ArrayList.forEach(ArrayList.java:1596)
... Removed 35 stack frames]]>
    </failure>
  </testcase> <!-- validUserSignUp -->
  <testcase classname="nnd.TestCases.DB_RegisterTest" name="validUserSignUp" time="10.472">
    <failure type="java.lang.AssertionError" message="Signup failed expected [Sign up successful.] but found [This user already exist.]">
      <![CDATA[java.lang.AssertionError: Signup failed expected [Sign up successful.] but found [This user already exist.]
at nnd.Pages.DB_RegisterPage.clickSignUp(DB_RegisterPage.java:67)
at nnd.TestCases.DB_RegisterTest.validUserSignUp(DB_RegisterTest.java:55)
at java.base/java.util.ArrayList.forEach(ArrayList.java:1596)
... Removed 35 stack frames]]>
    </failure>
  </testcase> <!-- validUserSignUp -->
</testsuite> <!-- Surefire test -->
