<?xml version="1.0" encoding="UTF-8"?>
<!-- Generated by org.testng.reporters.JUnitXMLReporter -->
<testsuite ignored="0" hostname="IN15I51216GR512" failures="0" tests="8" name="Surefire test" time="113.612" errors="0" timestamp="2025-02-18T00:40:47 IST">
  <testcase classname="nnd.TestCases.DB_LoginTest" name="inValidUserLogin" time="8.466"/>
  <testcase classname="nnd.TestCases.DB_LoginTest" name="inValidUserLogin" time="10.238"/>
  <testcase classname="nnd.TestCases.DB_LoginTest" name="validUserLogin" time="5.565"/>
  <testcase classname="nnd.TestCases.DB_LoginTest" name="validUserLogin" time="5.527"/>
  <testcase classname="nnd.TestCases.DB_HomeTest" name="verifyPurchaseItem" time="7.91"/>
  <testcase classname="nnd.TestCases.DB_RegisterTest" name="invalidUserSignUp" time="10.542"/>
  <testcase classname="nnd.TestCases.DB_RegisterTest" name="invalidUserSignUp" time="10.463"/>
  <testcase classname="nnd.TestCases.DB_RegisterTest" name="validUserSignUp" time="10.502"/>
</testsuite> <!-- Surefire test -->
