<?xml version="1.0" encoding="UTF-8"?>
<!-- Generated by org.testng.reporters.JUnitXMLReporter -->
<testsuite ignored="1" hostname="IN15I51216GR512" failures="0" tests="2" name="Default test" time="30.219" errors="0" timestamp="2025-02-17T16:18:29 IST">
  <testcase classname="nnd.TestCases.DB_RegisterTest" name="invalidUserSignUp" time="10.468"/>
  <testcase classname="nnd.TestCases.DB_RegisterTest" name="invalidUserSignUp" time="10.395"/>
  <testcase classname="nnd.TestCases.DB_RegisterTest" name="validUserSignUp" time="0.0">
    <ignored/>
  </testcase> <!-- validUserSignUp -->
</testsuite> <!-- Default test -->
