<?xml version="1.0" encoding="UTF-8"?>
<!-- Generated by org.testng.reporters.JUnitXMLReporter -->
<testsuite ignored="0" hostname="IN15I51216GR512" failures="0" tests="6" name="OpenCart Functional Tests" time="52.842" errors="0" timestamp="2025-02-15T01:21:56 IST">
  <testcase classname="nnd.TestCases.RegisterTest" name="validUserSignUp" time="10.791"/>
  <testcase classname="nnd.TestCases.RegisterTest" name="validUserSignUp" time="10.749"/>
  <testcase classname="nnd.TestCases.LoginTest" name="inValidUserLogin" time="0.0">
    <skipped/>
  </testcase> <!-- inValidUserLogin -->
  <testcase classname="nnd.TestCases.LoginTest" name="validUserLogin" time="5.456"/>
  <testcase classname="nnd.TestCases.LoginTest" name="validUserLogin" time="6.317"/>
  <testcase classname="nnd.TestCases.LoginTest" name="validUserLogin" time="5.419"/>
</testsuite> <!-- OpenCart Functional Tests -->
