<?xml version="1.0" encoding="UTF-8"?>
<testsuite xmlns:xsi="http://www.w3.org/2001/XMLSchema-instance" xsi:noNamespaceSchemaLocation="https://maven.apache.org/surefire/maven-surefire-plugin/xsd/surefire-test-report.xsd" name="TestSuite" time="97.739" tests="7" errors="0" skipped="0" failures="4">
  <properties>
[...]
</properties>
  <testcase name="inValidUserLogin" classname="nnd.TestCases.DB_LoginTest" time="9.35">
    <failure message="Log in failed expected [Log in successful.] but found [User does not exist.]" type="java.lang.AssertionError">java.lang.AssertionError: Log in failed expected [Log in successful.] but found [User does not exist.]
	at nnd.TestCases.DB_LoginTest.inValidUserLogin(DB_LoginTest.java:83)
</failure>
    <system-out><![CDATA[the build number is : 14
Test Suite Started: Surefire test
Website loaded successfully: STORE
Test Started : inValidUserLogin
Test Description : LoginTest_TC01 inValid User Login
Test NAME WITH INVOCATION COUNT : inValidUserLogin [TEST DATA SET #1]
Alert Text: User does not exist.
]]></system-out>
    <system-err><![CDATA[Feb 17, 2025 4:04:19 AM org.openqa.selenium.devtools.CdpVersionFinder findNearestMatch
WARNING: Unable to find an exact match for CDP version 133, returning the closest version; found: 132; Please update to a Selenium version that supports CDP version 133
]]></system-err>
  </testcase>
  <testcase name="inValidUserLogin" classname="nnd.TestCases.DB_LoginTest" time="8.577">
    <failure message="Log in failed expected [Log in successful.] but found [User does not exist.]" type="java.lang.AssertionError">java.lang.AssertionError: Log in failed expected [Log in successful.] but found [User does not exist.]
	at nnd.TestCases.DB_LoginTest.inValidUserLogin(DB_LoginTest.java:83)
</failure>
    <system-out><![CDATA[No alert present.
Full-Screen Screenshot saved at: C:\Users\dhane\eclipse-workspace\DemoBlazeDataDriven14022025\Failed Screenshots\FullScreen_inValidUserLogin_20250217_040433.png
Test Failed: inValidUserLogin
Failure Reason: java.lang.AssertionError: Log in failed expected [Log in successful.] but found [User does not exist.]
Website loaded successfully: STORE
Test Started : inValidUserLogin
Test Description : LoginTest_TC01 inValid User Login
Test NAME WITH INVOCATION COUNT : inValidUserLogin [TEST DATA SET #2]
Alert Text: User does not exist.
]]></system-out>
    <system-err><![CDATA[Feb 17, 2025 4:04:35 AM org.openqa.selenium.devtools.CdpVersionFinder findNearestMatch
WARNING: Unable to find an exact match for CDP version 133, returning the closest version; found: 132; Please update to a Selenium version that supports CDP version 133
]]></system-err>
  </testcase>
  <testcase name="validUserLogin" classname="nnd.TestCases.DB_LoginTest" time="6.358"/>
  <testcase name="validUserLogin" classname="nnd.TestCases.DB_LoginTest" time="5.422"/>
  <testcase name="verifyPurchaseItem" classname="nnd.TestCases.DB_HomeTest" time="8.756"/>
  <testcase name="validUserSignUp" classname="nnd.TestCases.DB_RegisterTest" time="10.37">
    <failure message="Signup failed expected [Sign up successful.] but found [This user already exist.]" type="java.lang.AssertionError">java.lang.AssertionError: Signup failed expected [Sign up successful.] but found [This user already exist.]
	at nnd.TestCases.DB_RegisterTest.validUserSignUp(DB_RegisterTest.java:55)
</failure>
    <system-out><![CDATA[Test Passed : verifyPurchaseItem
Website loaded successfully: STORE
Test Started : validUserSignUp
Test Description : valid user sign Up 
Test NAME WITH INVOCATION COUNT : validUserSignUp [TEST DATA SET #1]
Alert Text: This user already exist.
]]></system-out>
    <system-err><![CDATA[Feb 17, 2025 4:05:23 AM org.openqa.selenium.devtools.CdpVersionFinder findNearestMatch
WARNING: Unable to find an exact match for CDP version 133, returning the closest version; found: 132; Please update to a Selenium version that supports CDP version 133
]]></system-err>
  </testcase>
  <testcase name="validUserSignUp" classname="nnd.TestCases.DB_RegisterTest" time="10.38">
    <failure message="Signup failed expected [Sign up successful.] but found [This user already exist.]" type="java.lang.AssertionError">java.lang.AssertionError: Signup failed expected [Sign up successful.] but found [This user already exist.]
	at nnd.TestCases.DB_RegisterTest.validUserSignUp(DB_RegisterTest.java:55)
</failure>
    <system-out><![CDATA[No alert present.
Full-Screen Screenshot saved at: C:\Users\dhane\eclipse-workspace\DemoBlazeDataDriven14022025\Failed Screenshots\FullScreen_validUserSignUp_20250217_040537.png
Test Failed: validUserSignUp
Failure Reason: java.lang.AssertionError: Signup failed expected [Sign up successful.] but found [This user already exist.]
Website loaded successfully: STORE
Test Started : validUserSignUp
Test Description : valid user sign Up 
Test NAME WITH INVOCATION COUNT : validUserSignUp [TEST DATA SET #2]
Alert Text: This user already exist.
]]></system-out>
    <system-err><![CDATA[Feb 17, 2025 4:05:39 AM org.openqa.selenium.devtools.CdpVersionFinder findNearestMatch
WARNING: Unable to find an exact match for CDP version 133, returning the closest version; found: 132; Please update to a Selenium version that supports CDP version 133
]]></system-err>
  </testcase>
</testsuite>