<?xml version="1.0" encoding="UTF-8"?>
<testng-results ignored="0" total="8" passed="8" failed="0" skipped="0">
  <reporter-output>
  </reporter-output>
  <suite started-at="2025-02-18T00:38:54 IST" name="Surefire suite" finished-at="2025-02-18T00:40:47 IST" duration-ms="113612">
    <groups>
      <group name="Positive TestCases">
        <method signature="DB_LoginTest.validUserLogin(java.lang.String,java.lang.String)[pri:0, instance:nnd.TestCases.DB_LoginTest@22555ebf]" name="validUserLogin" class="nnd.TestCases.DB_LoginTest"/>
      </group> <!-- Positive TestCases -->
      <group name="Negative TestCases">
        <method signature="DB_LoginTest.inValidUserLogin(java.lang.String,java.lang.String)[pri:0, instance:nnd.TestCases.DB_LoginTest@22555ebf]" name="inValidUserLogin" class="nnd.TestCases.DB_LoginTest"/>
      </group> <!-- Negative TestCases -->
    </groups>
    <test started-at="2025-02-18T00:38:54 IST" name="Surefire test" finished-at="2025-02-18T00:40:47 IST" duration-ms="113612">
      <class name="nnd.TestCases.DB_HomeTest">
        <test-method is-config="true" signature="setUp(java.lang.reflect.Method,org.testng.ITestContext)[pri:0, instance:nnd.TestCases.DB_HomeTest@2a65fe7c]" started-at="2025-02-18T00:39:47 IST" name="setUp" finished-at="2025-02-18T00:39:54 IST" duration-ms="6992" status="PASS">
          <params>
            <param index="0">
              <value>
                <![CDATA[public void nnd.TestCases.DB_HomeTest.verifyPurchaseItem() throws org.apache.poi.openxml4j.exceptions.InvalidFormatException,java.io.IOException,java.lang.InterruptedException]]>
              </value>
            </param>
            <param index="1">
              <value>
                <![CDATA[org.testng.TestRunner@5df2023c]]>
              </value>
            </param>
          </params>
          <reporter-output>
          </reporter-output>
        </test-method> <!-- setUp -->
        <test-method signature="verifyPurchaseItem()[pri:0, instance:nnd.TestCases.DB_HomeTest@2a65fe7c]" started-at="2025-02-18T00:39:54 IST" name="verifyPurchaseItem" description="HomeTest_TC01" finished-at="2025-02-18T00:40:01 IST" depends-on-methods="nnd.TestCases.DB_LoginTest.validUserLogin" duration-ms="7910" status="PASS">
          <reporter-output>
          </reporter-output>
        </test-method> <!-- verifyPurchaseItem -->
        <test-method is-config="true" signature="tearDown()[pri:0, instance:nnd.TestCases.DB_HomeTest@2a65fe7c]" started-at="2025-02-18T00:40:02 IST" name="tearDown" finished-at="2025-02-18T00:40:02 IST" duration-ms="204" status="PASS">
          <reporter-output>
          </reporter-output>
        </test-method> <!-- tearDown -->
      </class> <!-- nnd.TestCases.DB_HomeTest -->
      <class name="nnd.TestCases.DB_LoginTest">
        <test-method is-config="true" signature="setUp(java.lang.reflect.Method,org.testng.ITestContext)[pri:0, instance:nnd.TestCases.DB_LoginTest@22555ebf]" started-at="2025-02-18T00:38:54 IST" name="setUp" finished-at="2025-02-18T00:39:01 IST" duration-ms="7105" status="PASS">
          <params>
            <param index="0">
              <value>
                <![CDATA[public void nnd.TestCases.DB_LoginTest.inValidUserLogin(java.lang.String,java.lang.String) throws org.apache.poi.openxml4j.exceptions.InvalidFormatException,java.io.IOException,java.lang.InterruptedException]]>
              </value>
            </param>
            <param index="1">
              <value>
                <![CDATA[org.testng.TestRunner@5df2023c]]>
              </value>
            </param>
          </params>
          <reporter-output>
          </reporter-output>
        </test-method> <!-- setUp -->
        <test-method signature="inValidUserLogin(java.lang.String,java.lang.String)[pri:0, instance:nnd.TestCases.DB_LoginTest@22555ebf]" started-at="2025-02-18T00:39:01 IST" name="inValidUserLogin" description="LoginTest_TC01 inValid User Login" data-provider="invalidloginData" finished-at="2025-02-18T00:39:10 IST" duration-ms="8466" status="PASS">
          <params>
            <param index="0">
              <value>
                <![CDATA[dhan0001]]>
              </value>
            </param>
            <param index="1">
              <value>
                <![CDATA[dhan#0001]]>
              </value>
            </param>
          </params>
          <reporter-output>
          </reporter-output>
        </test-method> <!-- inValidUserLogin -->
        <test-method is-config="true" signature="tearDown()[pri:0, instance:nnd.TestCases.DB_LoginTest@22555ebf]" started-at="2025-02-18T00:39:10 IST" name="tearDown" finished-at="2025-02-18T00:39:10 IST" duration-ms="228" status="PASS">
          <reporter-output>
          </reporter-output>
        </test-method> <!-- tearDown -->
        <test-method is-config="true" signature="setUp(java.lang.reflect.Method,org.testng.ITestContext)[pri:0, instance:nnd.TestCases.DB_LoginTest@22555ebf]" started-at="2025-02-18T00:39:10 IST" name="setUp" finished-at="2025-02-18T00:39:14 IST" duration-ms="4247" status="PASS">
          <params>
            <param index="0">
              <value>
                <![CDATA[public void nnd.TestCases.DB_LoginTest.inValidUserLogin(java.lang.String,java.lang.String) throws org.apache.poi.openxml4j.exceptions.InvalidFormatException,java.io.IOException,java.lang.InterruptedException]]>
              </value>
            </param>
            <param index="1">
              <value>
                <![CDATA[org.testng.TestRunner@5df2023c]]>
              </value>
            </param>
          </params>
          <reporter-output>
          </reporter-output>
        </test-method> <!-- setUp -->
        <test-method signature="inValidUserLogin(java.lang.String,java.lang.String)[pri:0, instance:nnd.TestCases.DB_LoginTest@22555ebf]" started-at="2025-02-18T00:39:14 IST" name="inValidUserLogin" description="LoginTest_TC01 inValid User Login" data-provider="invalidloginData" finished-at="2025-02-18T00:39:25 IST" duration-ms="10238" status="PASS">
          <params>
            <param index="0">
              <value>
                <![CDATA[dhan0002]]>
              </value>
            </param>
            <param index="1">
              <value>
                <![CDATA[dhan#0002]]>
              </value>
            </param>
          </params>
          <reporter-output>
          </reporter-output>
        </test-method> <!-- inValidUserLogin -->
        <test-method is-config="true" signature="tearDown()[pri:0, instance:nnd.TestCases.DB_LoginTest@22555ebf]" started-at="2025-02-18T00:39:25 IST" name="tearDown" finished-at="2025-02-18T00:39:25 IST" duration-ms="611" status="PASS">
          <reporter-output>
          </reporter-output>
        </test-method> <!-- tearDown -->
        <test-method is-config="true" signature="setUp(java.lang.reflect.Method,org.testng.ITestContext)[pri:0, instance:nnd.TestCases.DB_LoginTest@22555ebf]" started-at="2025-02-18T00:39:25 IST" name="setUp" finished-at="2025-02-18T00:39:29 IST" duration-ms="3530" status="PASS">
          <params>
            <param index="0">
              <value>
                <![CDATA[public void nnd.TestCases.DB_LoginTest.validUserLogin(java.lang.String,java.lang.String) throws org.apache.poi.openxml4j.exceptions.InvalidFormatException,java.io.IOException,java.lang.InterruptedException]]>
              </value>
            </param>
            <param index="1">
              <value>
                <![CDATA[org.testng.TestRunner@5df2023c]]>
              </value>
            </param>
          </params>
          <reporter-output>
          </reporter-output>
        </test-method> <!-- setUp -->
        <test-method signature="validUserLogin(java.lang.String,java.lang.String)[pri:0, instance:nnd.TestCases.DB_LoginTest@22555ebf]" started-at="2025-02-18T00:39:29 IST" name="validUserLogin" description="LoginTest_TC01 Valid User Login" data-provider="validloginData" finished-at="2025-02-18T00:39:34 IST" duration-ms="5565" status="PASS">
          <params>
            <param index="0">
              <value>
                <![CDATA[dhan01]]>
              </value>
            </param>
            <param index="1">
              <value>
                <![CDATA[dhan@01]]>
              </value>
            </param>
          </params>
          <reporter-output>
          </reporter-output>
        </test-method> <!-- validUserLogin -->
        <test-method is-config="true" signature="tearDown()[pri:0, instance:nnd.TestCases.DB_LoginTest@22555ebf]" started-at="2025-02-18T00:39:34 IST" name="tearDown" finished-at="2025-02-18T00:39:35 IST" duration-ms="183" status="PASS">
          <reporter-output>
          </reporter-output>
        </test-method> <!-- tearDown -->
        <test-method is-config="true" signature="setUp(java.lang.reflect.Method,org.testng.ITestContext)[pri:0, instance:nnd.TestCases.DB_LoginTest@22555ebf]" started-at="2025-02-18T00:39:35 IST" name="setUp" finished-at="2025-02-18T00:39:41 IST" duration-ms="6258" status="PASS">
          <params>
            <param index="0">
              <value>
                <![CDATA[public void nnd.TestCases.DB_LoginTest.validUserLogin(java.lang.String,java.lang.String) throws org.apache.poi.openxml4j.exceptions.InvalidFormatException,java.io.IOException,java.lang.InterruptedException]]>
              </value>
            </param>
            <param index="1">
              <value>
                <![CDATA[org.testng.TestRunner@5df2023c]]>
              </value>
            </param>
          </params>
          <reporter-output>
          </reporter-output>
        </test-method> <!-- setUp -->
        <test-method signature="validUserLogin(java.lang.String,java.lang.String)[pri:0, instance:nnd.TestCases.DB_LoginTest@22555ebf]" started-at="2025-02-18T00:39:41 IST" name="validUserLogin" description="LoginTest_TC01 Valid User Login" data-provider="validloginData" finished-at="2025-02-18T00:39:46 IST" duration-ms="5527" status="PASS">
          <params>
            <param index="0">
              <value>
                <![CDATA[dhan6000]]>
              </value>
            </param>
            <param index="1">
              <value>
                <![CDATA[dhan@6000]]>
              </value>
            </param>
          </params>
          <reporter-output>
          </reporter-output>
        </test-method> <!-- validUserLogin -->
        <test-method is-config="true" signature="tearDown()[pri:0, instance:nnd.TestCases.DB_LoginTest@22555ebf]" started-at="2025-02-18T00:39:46 IST" name="tearDown" finished-at="2025-02-18T00:39:47 IST" duration-ms="173" status="PASS">
          <reporter-output>
          </reporter-output>
        </test-method> <!-- tearDown -->
      </class> <!-- nnd.TestCases.DB_LoginTest -->
      <class name="nnd.TestCases.DB_RegisterTest">
        <test-method is-config="true" signature="setUp(java.lang.reflect.Method,org.testng.ITestContext)[pri:0, instance:nnd.TestCases.DB_RegisterTest@36ebc363]" started-at="2025-02-18T00:40:02 IST" name="setUp" finished-at="2025-02-18T00:40:06 IST" duration-ms="3934" status="PASS">
          <params>
            <param index="0">
              <value>
                <![CDATA[public void nnd.TestCases.DB_RegisterTest.invalidUserSignUp(java.lang.String,java.lang.String) throws java.lang.InterruptedException]]>
              </value>
            </param>
            <param index="1">
              <value>
                <![CDATA[org.testng.TestRunner@5df2023c]]>
              </value>
            </param>
          </params>
          <reporter-output>
          </reporter-output>
        </test-method> <!-- setUp -->
        <test-method signature="invalidUserSignUp(java.lang.String,java.lang.String)[pri:0, instance:nnd.TestCases.DB_RegisterTest@36ebc363]" started-at="2025-02-18T00:40:06 IST" name="invalidUserSignUp" description="RegisterTest_TC02 invalid user sign Up " data-provider="invalidUserData" finished-at="2025-02-18T00:40:16 IST" duration-ms="10542" status="PASS">
          <params>
            <param index="0">
              <value>
                <![CDATA[dhan01]]>
              </value>
            </param>
            <param index="1">
              <value>
                <![CDATA[dhan@01]]>
              </value>
            </param>
          </params>
          <reporter-output>
          </reporter-output>
        </test-method> <!-- invalidUserSignUp -->
        <test-method is-config="true" signature="tearDown()[pri:0, instance:nnd.TestCases.DB_RegisterTest@36ebc363]" started-at="2025-02-18T00:40:16 IST" name="tearDown" finished-at="2025-02-18T00:40:17 IST" duration-ms="196" status="PASS">
          <reporter-output>
          </reporter-output>
        </test-method> <!-- tearDown -->
        <test-method is-config="true" signature="setUp(java.lang.reflect.Method,org.testng.ITestContext)[pri:0, instance:nnd.TestCases.DB_RegisterTest@36ebc363]" started-at="2025-02-18T00:40:17 IST" name="setUp" finished-at="2025-02-18T00:40:21 IST" duration-ms="4537" status="PASS">
          <params>
            <param index="0">
              <value>
                <![CDATA[public void nnd.TestCases.DB_RegisterTest.invalidUserSignUp(java.lang.String,java.lang.String) throws java.lang.InterruptedException]]>
              </value>
            </param>
            <param index="1">
              <value>
                <![CDATA[org.testng.TestRunner@5df2023c]]>
              </value>
            </param>
          </params>
          <reporter-output>
          </reporter-output>
        </test-method> <!-- setUp -->
        <test-method signature="invalidUserSignUp(java.lang.String,java.lang.String)[pri:0, instance:nnd.TestCases.DB_RegisterTest@36ebc363]" started-at="2025-02-18T00:40:21 IST" name="invalidUserSignUp" description="RegisterTest_TC02 invalid user sign Up " data-provider="invalidUserData" finished-at="2025-02-18T00:40:32 IST" duration-ms="10463" status="PASS">
          <params>
            <param index="0">
              <value>
                <![CDATA[dhan6000]]>
              </value>
            </param>
            <param index="1">
              <value>
                <![CDATA[dhan@6000]]>
              </value>
            </param>
          </params>
          <reporter-output>
          </reporter-output>
        </test-method> <!-- invalidUserSignUp -->
        <test-method is-config="true" signature="tearDown()[pri:0, instance:nnd.TestCases.DB_RegisterTest@36ebc363]" started-at="2025-02-18T00:40:32 IST" name="tearDown" finished-at="2025-02-18T00:40:32 IST" duration-ms="187" status="PASS">
          <reporter-output>
          </reporter-output>
        </test-method> <!-- tearDown -->
        <test-method is-config="true" signature="setUp(java.lang.reflect.Method,org.testng.ITestContext)[pri:0, instance:nnd.TestCases.DB_RegisterTest@36ebc363]" started-at="2025-02-18T00:40:32 IST" name="setUp" finished-at="2025-02-18T00:40:37 IST" duration-ms="4789" status="PASS">
          <params>
            <param index="0">
              <value>
                <![CDATA[public void nnd.TestCases.DB_RegisterTest.validUserSignUp() throws java.lang.InterruptedException]]>
              </value>
            </param>
            <param index="1">
              <value>
                <![CDATA[org.testng.TestRunner@5df2023c]]>
              </value>
            </param>
          </params>
          <reporter-output>
          </reporter-output>
        </test-method> <!-- setUp -->
        <test-method signature="validUserSignUp()[pri:0, instance:nnd.TestCases.DB_RegisterTest@36ebc363]" started-at="2025-02-18T00:40:37 IST" name="validUserSignUp" description="RegisterTest_TC01 valid user sign Up " finished-at="2025-02-18T00:40:47 IST" duration-ms="10502" status="PASS">
          <reporter-output>
          </reporter-output>
        </test-method> <!-- validUserSignUp -->
        <test-method is-config="true" signature="tearDown()[pri:0, instance:nnd.TestCases.DB_RegisterTest@36ebc363]" started-at="2025-02-18T00:40:47 IST" name="tearDown" finished-at="2025-02-18T00:40:47 IST" duration-ms="237" status="PASS">
          <reporter-output>
          </reporter-output>
        </test-method> <!-- tearDown -->
      </class> <!-- nnd.TestCases.DB_RegisterTest -->
    </test> <!-- Surefire test -->
  </suite> <!-- Surefire suite -->
</testng-results>
