<?xml version="1.0" encoding="UTF-8"?>
<testsuite xmlns:xsi="http://www.w3.org/2001/XMLSchema-instance" xsi:noNamespaceSchemaLocation="https://maven.apache.org/surefire/maven-surefire-plugin/xsd/surefire-test-report.xsd" version="3.0.2" name="TestSuite" time="112.919" tests="8" errors="0" skipped="0" failures="1">
  <properties>
[...]
</properties>
  <testcase name="inValidUserLogin[dhan0001, dhan#0001](1)" classname="nnd.TestCases.DB_LoginTest" time="8.536">
    <system-out><![CDATA[the build number is : 19
Test Suite Started: Surefire test
Website loaded successfully: STORE
Test Name: inValidUserLogin
Test Description : LoginTest_TC01 inValid User Login
Test NAME WITH INVOCATION COUNT : inValidUserLogin [TEST DATA SET #1]
Alert Text: User does not exist.
]]></system-out>
    <system-err><![CDATA[Feb 18, 2025 12:43:44 AM org.openqa.selenium.devtools.CdpVersionFinder findNearestMatch
WARNING: Unable to find an exact match for CDP version 133, returning the closest version; found: 132; Please update to a Selenium version that supports CDP version 133
]]></system-err>
  </testcase>
  <testcase name="inValidUserLogin[dhan0002, dhan#0002](2)" classname="nnd.TestCases.DB_LoginTest" time="8.473">
    <system-out><![CDATA[Test Passed : inValidUserLogin
Website loaded successfully: STORE
Test Name: inValidUserLogin
Test Description : LoginTest_TC01 inValid User Login
Test NAME WITH INVOCATION COUNT : inValidUserLogin [TEST DATA SET #2]
Alert Text: User does not exist.
]]></system-out>
    <system-err><![CDATA[Feb 18, 2025 12:43:58 AM org.openqa.selenium.devtools.CdpVersionFinder findNearestMatch
WARNING: Unable to find an exact match for CDP version 133, returning the closest version; found: 132; Please update to a Selenium version that supports CDP version 133
]]></system-err>
  </testcase>
  <testcase name="validUserLogin[dhan01, dhan@01](1)" classname="nnd.TestCases.DB_LoginTest" time="5.52">
    <system-out><![CDATA[Test Passed : inValidUserLogin
Website loaded successfully: STORE
Test Name: validUserLogin
Test Description : LoginTest_TC01 Valid User Login
Test NAME WITH INVOCATION COUNT : validUserLogin [TEST DATA SET #1]
username of dhan01
password of dhan@01
]]></system-out>
    <system-err><![CDATA[Feb 18, 2025 12:44:12 AM org.openqa.selenium.devtools.CdpVersionFinder findNearestMatch
WARNING: Unable to find an exact match for CDP version 133, returning the closest version; found: 132; Please update to a Selenium version that supports CDP version 133
]]></system-err>
  </testcase>
  <testcase name="validUserLogin[dhan6000, dhan@6000](2)" classname="nnd.TestCases.DB_LoginTest" time="5.463">
    <system-out><![CDATA[Test Passed : validUserLogin
Website loaded successfully: STORE
Test Name: validUserLogin
Test Description : LoginTest_TC01 Valid User Login
Test NAME WITH INVOCATION COUNT : validUserLogin [TEST DATA SET #2]
username of dhan6000
password of dhan@6000
]]></system-out>
    <system-err><![CDATA[Feb 18, 2025 12:44:22 AM org.openqa.selenium.devtools.CdpVersionFinder findNearestMatch
WARNING: Unable to find an exact match for CDP version 133, returning the closest version; found: 132; Please update to a Selenium version that supports CDP version 133
]]></system-err>
  </testcase>
  <testcase name="verifyPurchaseItem" classname="nnd.TestCases.DB_HomeTest" time="7.839">
    <system-out><![CDATA[Test Passed : validUserLogin
Website loaded successfully: STORE
Test Name: verifyPurchaseItem
Test Description : HomeTest_TC01
Test NAME WITH INVOCATION COUNT : verifyPurchaseItem [TEST DATA SET #1]
Alert Text: Product added
]]></system-out>
    <system-err><![CDATA[Feb 18, 2025 12:44:32 AM org.openqa.selenium.devtools.CdpVersionFinder findNearestMatch
WARNING: Unable to find an exact match for CDP version 133, returning the closest version; found: 132; Please update to a Selenium version that supports CDP version 133
]]></system-err>
  </testcase>
  <testcase name="invalidUserSignUp[dhan01, dhan@01](1)" classname="nnd.TestCases.DB_RegisterTest" time="10.543">
    <system-out><![CDATA[Test Passed : verifyPurchaseItem
Website loaded successfully: STORE
Test Name: invalidUserSignUp
Test Description : RegisterTest_TC02 invalid user sign Up 
Test NAME WITH INVOCATION COUNT : invalidUserSignUp [TEST DATA SET #1]
Alert Text: This user already exist.
]]></system-out>
    <system-err><![CDATA[Feb 18, 2025 12:44:44 AM org.openqa.selenium.devtools.CdpVersionFinder findNearestMatch
WARNING: Unable to find an exact match for CDP version 133, returning the closest version; found: 132; Please update to a Selenium version that supports CDP version 133
]]></system-err>
  </testcase>
  <testcase name="invalidUserSignUp[dhan6000, dhan@6000](2)" classname="nnd.TestCases.DB_RegisterTest" time="10.46">
    <system-out><![CDATA[Test Passed : invalidUserSignUp
Website loaded successfully: STORE
Test Name: invalidUserSignUp
Test Description : RegisterTest_TC02 invalid user sign Up 
Test NAME WITH INVOCATION COUNT : invalidUserSignUp [TEST DATA SET #2]
Alert Text: This user already exist.
]]></system-out>
    <system-err><![CDATA[Feb 18, 2025 12:44:59 AM org.openqa.selenium.devtools.CdpVersionFinder findNearestMatch
WARNING: Unable to find an exact match for CDP version 133, returning the closest version; found: 132; Please update to a Selenium version that supports CDP version 133
]]></system-err>
  </testcase>
  <testcase name="validUserSignUp" classname="nnd.TestCases.DB_RegisterTest" time="10.42">
    <failure message="Signup failed expected [Sign up successful.] but found [This user already exist.]" type="java.lang.AssertionError"><![CDATA[java.lang.AssertionError: Signup failed expected [Sign up successful.] but found [This user already exist.]
	at org.testng.Assert.fail(Assert.java:111)
	at org.testng.Assert.failNotEquals(Assert.java:1578)
	at org.testng.Assert.assertEqualsImpl(Assert.java:150)
	at org.testng.Assert.assertEquals(Assert.java:132)
	at org.testng.Assert.assertEquals(Assert.java:656)
	at nnd.Pages.DB_RegisterPage.clickSignUp(DB_RegisterPage.java:67)
	at nnd.TestCases.DB_RegisterTest.validUserSignUp(DB_RegisterTest.java:57)
	at java.base/jdk.internal.reflect.DirectMethodHandleAccessor.invoke(DirectMethodHandleAccessor.java:103)
	at java.base/java.lang.reflect.Method.invoke(Method.java:580)
	at org.testng.internal.invokers.MethodInvocationHelper.invokeMethod(MethodInvocationHelper.java:139)
	at org.testng.internal.invokers.TestInvoker.invokeMethod(TestInvoker.java:664)
	at org.testng.internal.invokers.TestInvoker.invokeTestMethod(TestInvoker.java:227)
	at org.testng.internal.invokers.MethodRunner.runInSequence(MethodRunner.java:50)
	at org.testng.internal.invokers.TestInvoker$MethodInvocationAgent.invoke(TestInvoker.java:957)
	at org.testng.internal.invokers.TestInvoker.invokeTestMethods(TestInvoker.java:200)
	at org.testng.internal.invokers.TestMethodWorker.invokeTestMethods(TestMethodWorker.java:148)
	at org.testng.internal.invokers.TestMethodWorker.run(TestMethodWorker.java:128)
	at java.base/java.util.ArrayList.forEach(ArrayList.java:1596)
	at org.testng.TestRunner.privateRun(TestRunner.java:848)
	at org.testng.TestRunner.run(TestRunner.java:621)
	at org.testng.SuiteRunner.runTest(SuiteRunner.java:443)
	at org.testng.SuiteRunner.runSequentially(SuiteRunner.java:437)
	at org.testng.SuiteRunner.privateRun(SuiteRunner.java:397)
	at org.testng.SuiteRunner.run(SuiteRunner.java:336)
	at org.testng.SuiteRunnerWorker.runSuite(SuiteRunnerWorker.java:52)
	at org.testng.SuiteRunnerWorker.run(SuiteRunnerWorker.java:95)
	at org.testng.TestNG.runSuitesSequentially(TestNG.java:1280)
	at org.testng.TestNG.runSuitesLocally(TestNG.java:1200)
	at org.testng.TestNG.runSuites(TestNG.java:1114)
	at org.testng.TestNG.run(TestNG.java:1082)
	at org.apache.maven.surefire.testng.TestNGExecutor.run(TestNGExecutor.java:155)
	at org.apache.maven.surefire.testng.TestNGDirectoryTestSuite.executeMulti(TestNGDirectoryTestSuite.java:169)
	at org.apache.maven.surefire.testng.TestNGDirectoryTestSuite.execute(TestNGDirectoryTestSuite.java:88)
	at org.apache.maven.surefire.testng.TestNGProvider.invoke(TestNGProvider.java:137)
	at org.apache.maven.surefire.booter.ForkedBooter.runSuitesInProcess(ForkedBooter.java:385)
	at org.apache.maven.surefire.booter.ForkedBooter.execute(ForkedBooter.java:162)
	at org.apache.maven.surefire.booter.ForkedBooter.run(ForkedBooter.java:507)
	at org.apache.maven.surefire.booter.ForkedBooter.main(ForkedBooter.java:495)
]]></failure>
    <system-out><![CDATA[Test Passed : invalidUserSignUp
Website loaded successfully: STORE
Test Name: validUserSignUp
Test Description : RegisterTest_TC01 valid user sign Up 
Test NAME WITH INVOCATION COUNT : validUserSignUp [TEST DATA SET #1]
Alert Text: This user already exist.
]]></system-out>
    <system-err><![CDATA[Feb 18, 2025 12:45:15 AM org.openqa.selenium.devtools.CdpVersionFinder findNearestMatch
WARNING: Unable to find an exact match for CDP version 133, returning the closest version; found: 132; Please update to a Selenium version that supports CDP version 133
]]></system-err>
  </testcase>
</testsuite>