<?xml version="1.0" encoding="UTF-8"?>
<testng-results ignored="0" total="3" passed="3" failed="0" skipped="0">
  <reporter-output>
  </reporter-output>
  <suite started-at="2025-02-18T00:59:57 IST" name="Default suite" finished-at="2025-02-18T01:00:49 IST" duration-ms="51689">
    <groups>
    </groups>
    <test started-at="2025-02-18T00:59:57 IST" name="Default test" finished-at="2025-02-18T01:00:49 IST" duration-ms="51689">
      <class name="nnd.TestCases.DB_RegisterTest">
        <test-method is-config="true" signature="setUp(java.lang.reflect.Method,org.testng.ITestContext)[pri:0, instance:nnd.TestCases.DB_RegisterTest@2a415aa9]" started-at="2025-02-18T00:59:59 IST" name="setUp" finished-at="2025-02-18T01:00:09 IST" duration-ms="9911" status="PASS">
          <params>
            <param index="0">
              <value>
                <![CDATA[public void nnd.TestCases.DB_RegisterTest.invalidUserSignUp(java.lang.String,java.lang.String) throws java.lang.InterruptedException]]>
              </value>
            </param>
            <param index="1">
              <value>
                <![CDATA[org.testng.TestRunner@5a5c0f56]]>
              </value>
            </param>
          </params>
          <reporter-output>
          </reporter-output>
        </test-method> <!-- setUp -->
        <test-method signature="invalidUserSignUp(java.lang.String,java.lang.String)[pri:0, instance:nnd.TestCases.DB_RegisterTest@2a415aa9]" started-at="2025-02-18T01:00:09 IST" name="invalidUserSignUp" description="RegisterTest_TC02 invalid user sign Up " data-provider="invalidUserData" finished-at="2025-02-18T01:00:19 IST" duration-ms="10410" status="PASS">
          <params>
            <param index="0">
              <value>
                <![CDATA[dhan01]]>
              </value>
            </param>
            <param index="1">
              <value>
                <![CDATA[dhan@01]]>
              </value>
            </param>
          </params>
          <reporter-output>
          </reporter-output>
        </test-method> <!-- invalidUserSignUp -->
        <test-method is-config="true" signature="tearDown()[pri:0, instance:nnd.TestCases.DB_RegisterTest@2a415aa9]" started-at="2025-02-18T01:00:19 IST" name="tearDown" finished-at="2025-02-18T01:00:19 IST" duration-ms="225" status="PASS">
          <reporter-output>
          </reporter-output>
        </test-method> <!-- tearDown -->
        <test-method is-config="true" signature="setUp(java.lang.reflect.Method,org.testng.ITestContext)[pri:0, instance:nnd.TestCases.DB_RegisterTest@2a415aa9]" started-at="2025-02-18T01:00:19 IST" name="setUp" finished-at="2025-02-18T01:00:24 IST" duration-ms="4298" status="PASS">
          <params>
            <param index="0">
              <value>
                <![CDATA[public void nnd.TestCases.DB_RegisterTest.invalidUserSignUp(java.lang.String,java.lang.String) throws java.lang.InterruptedException]]>
              </value>
            </param>
            <param index="1">
              <value>
                <![CDATA[org.testng.TestRunner@5a5c0f56]]>
              </value>
            </param>
          </params>
          <reporter-output>
          </reporter-output>
        </test-method> <!-- setUp -->
        <test-method signature="invalidUserSignUp(java.lang.String,java.lang.String)[pri:0, instance:nnd.TestCases.DB_RegisterTest@2a415aa9]" started-at="2025-02-18T01:00:24 IST" name="invalidUserSignUp" description="RegisterTest_TC02 invalid user sign Up " data-provider="invalidUserData" finished-at="2025-02-18T01:00:34 IST" duration-ms="10580" status="PASS">
          <params>
            <param index="0">
              <value>
                <![CDATA[dhan6000]]>
              </value>
            </param>
            <param index="1">
              <value>
                <![CDATA[dhan@6000]]>
              </value>
            </param>
          </params>
          <reporter-output>
          </reporter-output>
        </test-method> <!-- invalidUserSignUp -->
        <test-method is-config="true" signature="tearDown()[pri:0, instance:nnd.TestCases.DB_RegisterTest@2a415aa9]" started-at="2025-02-18T01:00:34 IST" name="tearDown" finished-at="2025-02-18T01:00:34 IST" duration-ms="214" status="PASS">
          <reporter-output>
          </reporter-output>
        </test-method> <!-- tearDown -->
        <test-method is-config="true" signature="setUp(java.lang.reflect.Method,org.testng.ITestContext)[pri:0, instance:nnd.TestCases.DB_RegisterTest@2a415aa9]" started-at="2025-02-18T01:00:34 IST" name="setUp" finished-at="2025-02-18T01:00:38 IST" duration-ms="3630" status="PASS">
          <params>
            <param index="0">
              <value>
                <![CDATA[public void nnd.TestCases.DB_RegisterTest.validUserSignUp() throws java.lang.InterruptedException]]>
              </value>
            </param>
            <param index="1">
              <value>
                <![CDATA[org.testng.TestRunner@5a5c0f56]]>
              </value>
            </param>
          </params>
          <reporter-output>
          </reporter-output>
        </test-method> <!-- setUp -->
        <test-method signature="validUserSignUp()[pri:0, instance:nnd.TestCases.DB_RegisterTest@2a415aa9]" started-at="2025-02-18T01:00:38 IST" name="validUserSignUp" description="RegisterTest_TC01 valid user sign Up " finished-at="2025-02-18T01:00:49 IST" duration-ms="10585" status="PASS">
          <reporter-output>
          </reporter-output>
        </test-method> <!-- validUserSignUp -->
        <test-method is-config="true" signature="tearDown()[pri:0, instance:nnd.TestCases.DB_RegisterTest@2a415aa9]" started-at="2025-02-18T01:00:49 IST" name="tearDown" finished-at="2025-02-18T01:00:49 IST" duration-ms="201" status="PASS">
          <reporter-output>
          </reporter-output>
        </test-method> <!-- tearDown -->
      </class> <!-- nnd.TestCases.DB_RegisterTest -->
    </test> <!-- Default test -->
  </suite> <!-- Default suite -->
</testng-results>
