<?xml version="1.0" encoding="UTF-8"?>
<testng-results ignored="1" total="8" passed="7" failed="0" skipped="0">
  <reporter-output>
  </reporter-output>
  <suite started-at="2025-02-18T00:19:44 IST" name="Demo Blaze Suite" finished-at="2025-02-18T00:21:06 IST" duration-ms="82718">
    <groups>
      <group name="Positive TestCases">
        <method signature="DB_LoginTest.validUserLogin(java.lang.String,java.lang.String)[pri:0, instance:nnd.TestCases.DB_LoginTest@18151a14]" name="validUserLogin" class="nnd.TestCases.DB_LoginTest"/>
      </group> <!-- Positive TestCases -->
      <group name="Negative TestCases">
        <method signature="DB_LoginTest.inValidUserLogin(java.lang.String,java.lang.String)[pri:0, instance:nnd.TestCases.DB_LoginTest@18151a14]" name="inValidUserLogin" class="nnd.TestCases.DB_LoginTest"/>
      </group> <!-- Negative TestCases -->
    </groups>
    <test started-at="2025-02-18T00:19:44 IST" name="Demo Blaze Functional Tests" finished-at="2025-02-18T00:21:06 IST" duration-ms="82718">
      <class name="nnd.TestCases.DB_HomeTest">
        <test-method is-config="true" signature="setUp(java.lang.reflect.Method,org.testng.ITestContext)[pri:0, instance:nnd.TestCases.DB_HomeTest@64711bf2]" started-at="2025-02-18T00:20:55 IST" name="setUp" finished-at="2025-02-18T00:20:59 IST" duration-ms="4162" status="PASS">
          <params>
            <param index="0">
              <value>
                <![CDATA[public void nnd.TestCases.DB_HomeTest.verifyPurchaseItem() throws org.apache.poi.openxml4j.exceptions.InvalidFormatException,java.io.IOException,java.lang.InterruptedException]]>
              </value>
            </param>
            <param index="1">
              <value>
                <![CDATA[org.testng.TestRunner@4f1bfab4]]>
              </value>
            </param>
          </params>
          <reporter-output>
          </reporter-output>
        </test-method> <!-- setUp -->
        <test-method signature="verifyPurchaseItem()[pri:0, instance:nnd.TestCases.DB_HomeTest@64711bf2]" started-at="2025-02-18T00:20:59 IST" name="verifyPurchaseItem" description="HomeTest_TC01" finished-at="2025-02-18T00:21:06 IST" depends-on-methods="nnd.TestCases.DB_LoginTest.validUserLogin" duration-ms="7085" status="PASS">
          <reporter-output>
          </reporter-output>
        </test-method> <!-- verifyPurchaseItem -->
        <test-method is-config="true" signature="tearDown()[pri:0, instance:nnd.TestCases.DB_HomeTest@64711bf2]" started-at="2025-02-18T00:21:06 IST" name="tearDown" finished-at="2025-02-18T00:21:06 IST" duration-ms="198" status="PASS">
          <reporter-output>
          </reporter-output>
        </test-method> <!-- tearDown -->
      </class> <!-- nnd.TestCases.DB_HomeTest -->
      <class name="nnd.TestCases.DB_LoginTest">
        <test-method is-config="true" signature="setUp(java.lang.reflect.Method,org.testng.ITestContext)[pri:0, instance:nnd.TestCases.DB_LoginTest@18151a14]" started-at="2025-02-18T00:20:14 IST" name="setUp" finished-at="2025-02-18T00:20:17 IST" duration-ms="2432" status="PASS">
          <params>
            <param index="0">
              <value>
                <![CDATA[public void nnd.TestCases.DB_LoginTest.validUserLogin(java.lang.String,java.lang.String) throws org.apache.poi.openxml4j.exceptions.InvalidFormatException,java.io.IOException,java.lang.InterruptedException]]>
              </value>
            </param>
            <param index="1">
              <value>
                <![CDATA[org.testng.TestRunner@4f1bfab4]]>
              </value>
            </param>
          </params>
          <reporter-output>
          </reporter-output>
        </test-method> <!-- setUp -->
        <test-method signature="validUserLogin(java.lang.String,java.lang.String)[pri:0, instance:nnd.TestCases.DB_LoginTest@18151a14]" started-at="2025-02-18T00:20:17 IST" name="validUserLogin" description="LoginTest_TC01 Valid User Login" data-provider="validloginData" finished-at="2025-02-18T00:20:22 IST" duration-ms="5477" status="PASS">
          <params>
            <param index="0">
              <value>
                <![CDATA[dhan01]]>
              </value>
            </param>
            <param index="1">
              <value>
                <![CDATA[dhan@01]]>
              </value>
            </param>
          </params>
          <reporter-output>
          </reporter-output>
        </test-method> <!-- validUserLogin -->
        <test-method is-config="true" signature="tearDown()[pri:0, instance:nnd.TestCases.DB_LoginTest@18151a14]" started-at="2025-02-18T00:20:22 IST" name="tearDown" finished-at="2025-02-18T00:20:22 IST" duration-ms="188" status="PASS">
          <reporter-output>
          </reporter-output>
        </test-method> <!-- tearDown -->
        <test-method is-config="true" signature="setUp(java.lang.reflect.Method,org.testng.ITestContext)[pri:0, instance:nnd.TestCases.DB_LoginTest@18151a14]" started-at="2025-02-18T00:20:22 IST" name="setUp" finished-at="2025-02-18T00:20:25 IST" duration-ms="2826" status="PASS">
          <params>
            <param index="0">
              <value>
                <![CDATA[public void nnd.TestCases.DB_LoginTest.validUserLogin(java.lang.String,java.lang.String) throws org.apache.poi.openxml4j.exceptions.InvalidFormatException,java.io.IOException,java.lang.InterruptedException]]>
              </value>
            </param>
            <param index="1">
              <value>
                <![CDATA[org.testng.TestRunner@4f1bfab4]]>
              </value>
            </param>
          </params>
          <reporter-output>
          </reporter-output>
        </test-method> <!-- setUp -->
        <test-method signature="validUserLogin(java.lang.String,java.lang.String)[pri:0, instance:nnd.TestCases.DB_LoginTest@18151a14]" started-at="2025-02-18T00:20:25 IST" name="validUserLogin" description="LoginTest_TC01 Valid User Login" data-provider="validloginData" finished-at="2025-02-18T00:20:31 IST" duration-ms="5513" status="PASS">
          <params>
            <param index="0">
              <value>
                <![CDATA[dhan6000]]>
              </value>
            </param>
            <param index="1">
              <value>
                <![CDATA[dhan@6000]]>
              </value>
            </param>
          </params>
          <reporter-output>
          </reporter-output>
        </test-method> <!-- validUserLogin -->
        <test-method is-config="true" signature="tearDown()[pri:0, instance:nnd.TestCases.DB_LoginTest@18151a14]" started-at="2025-02-18T00:20:31 IST" name="tearDown" finished-at="2025-02-18T00:20:31 IST" duration-ms="174" status="PASS">
          <reporter-output>
          </reporter-output>
        </test-method> <!-- tearDown -->
        <test-method is-config="true" signature="setUp(java.lang.reflect.Method,org.testng.ITestContext)[pri:0, instance:nnd.TestCases.DB_LoginTest@18151a14]" started-at="2025-02-18T00:20:31 IST" name="setUp" finished-at="2025-02-18T00:20:34 IST" duration-ms="3086" status="PASS">
          <params>
            <param index="0">
              <value>
                <![CDATA[public void nnd.TestCases.DB_LoginTest.inValidUserLogin(java.lang.String,java.lang.String) throws org.apache.poi.openxml4j.exceptions.InvalidFormatException,java.io.IOException,java.lang.InterruptedException]]>
              </value>
            </param>
            <param index="1">
              <value>
                <![CDATA[org.testng.TestRunner@4f1bfab4]]>
              </value>
            </param>
          </params>
          <reporter-output>
          </reporter-output>
        </test-method> <!-- setUp -->
        <test-method signature="inValidUserLogin(java.lang.String,java.lang.String)[pri:0, instance:nnd.TestCases.DB_LoginTest@18151a14]" started-at="2025-02-18T00:20:34 IST" name="inValidUserLogin" description="LoginTest_TC01 inValid User Login" data-provider="invalidloginData" finished-at="2025-02-18T00:20:42 IST" duration-ms="8469" status="PASS">
          <params>
            <param index="0">
              <value>
                <![CDATA[dhan0001]]>
              </value>
            </param>
            <param index="1">
              <value>
                <![CDATA[dhan#0001]]>
              </value>
            </param>
          </params>
          <reporter-output>
          </reporter-output>
        </test-method> <!-- inValidUserLogin -->
        <test-method is-config="true" signature="tearDown()[pri:0, instance:nnd.TestCases.DB_LoginTest@18151a14]" started-at="2025-02-18T00:20:42 IST" name="tearDown" finished-at="2025-02-18T00:20:43 IST" duration-ms="209" status="PASS">
          <reporter-output>
          </reporter-output>
        </test-method> <!-- tearDown -->
        <test-method is-config="true" signature="setUp(java.lang.reflect.Method,org.testng.ITestContext)[pri:0, instance:nnd.TestCases.DB_LoginTest@18151a14]" started-at="2025-02-18T00:20:43 IST" name="setUp" finished-at="2025-02-18T00:20:46 IST" duration-ms="3592" status="PASS">
          <params>
            <param index="0">
              <value>
                <![CDATA[public void nnd.TestCases.DB_LoginTest.inValidUserLogin(java.lang.String,java.lang.String) throws org.apache.poi.openxml4j.exceptions.InvalidFormatException,java.io.IOException,java.lang.InterruptedException]]>
              </value>
            </param>
            <param index="1">
              <value>
                <![CDATA[org.testng.TestRunner@4f1bfab4]]>
              </value>
            </param>
          </params>
          <reporter-output>
          </reporter-output>
        </test-method> <!-- setUp -->
        <test-method signature="inValidUserLogin(java.lang.String,java.lang.String)[pri:0, instance:nnd.TestCases.DB_LoginTest@18151a14]" started-at="2025-02-18T00:20:46 IST" name="inValidUserLogin" description="LoginTest_TC01 inValid User Login" data-provider="invalidloginData" finished-at="2025-02-18T00:20:55 IST" duration-ms="8466" status="PASS">
          <params>
            <param index="0">
              <value>
                <![CDATA[dhan0002]]>
              </value>
            </param>
            <param index="1">
              <value>
                <![CDATA[dhan#0002]]>
              </value>
            </param>
          </params>
          <reporter-output>
          </reporter-output>
        </test-method> <!-- inValidUserLogin -->
        <test-method is-config="true" signature="tearDown()[pri:0, instance:nnd.TestCases.DB_LoginTest@18151a14]" started-at="2025-02-18T00:20:55 IST" name="tearDown" finished-at="2025-02-18T00:20:55 IST" duration-ms="140" status="PASS">
          <reporter-output>
          </reporter-output>
        </test-method> <!-- tearDown -->
      </class> <!-- nnd.TestCases.DB_LoginTest -->
      <class name="nnd.TestCases.DB_RegisterTest">
        <test-method is-config="true" signature="setUp(java.lang.reflect.Method,org.testng.ITestContext)[pri:0, instance:nnd.TestCases.DB_RegisterTest@4d666b41]" started-at="2025-02-18T00:19:45 IST" name="setUp" finished-at="2025-02-18T00:19:50 IST" duration-ms="4834" status="PASS">
          <params>
            <param index="0">
              <value>
                <![CDATA[public void nnd.TestCases.DB_RegisterTest.invalidUserSignUp(java.lang.String,java.lang.String) throws java.lang.InterruptedException]]>
              </value>
            </param>
            <param index="1">
              <value>
                <![CDATA[org.testng.TestRunner@4f1bfab4]]>
              </value>
            </param>
          </params>
          <reporter-output>
          </reporter-output>
        </test-method> <!-- setUp -->
        <test-method signature="invalidUserSignUp(java.lang.String,java.lang.String)[pri:0, instance:nnd.TestCases.DB_RegisterTest@4d666b41]" started-at="2025-02-18T00:19:50 IST" name="invalidUserSignUp" description="RegisterTest_TC02 invalid user sign Up " data-provider="invalidUserData" finished-at="2025-02-18T00:20:00 IST" duration-ms="10424" status="PASS">
          <params>
            <param index="0">
              <value>
                <![CDATA[dhan01]]>
              </value>
            </param>
            <param index="1">
              <value>
                <![CDATA[dhan@01]]>
              </value>
            </param>
          </params>
          <reporter-output>
          </reporter-output>
        </test-method> <!-- invalidUserSignUp -->
        <test-method is-config="true" signature="tearDown()[pri:0, instance:nnd.TestCases.DB_RegisterTest@4d666b41]" started-at="2025-02-18T00:20:00 IST" name="tearDown" finished-at="2025-02-18T00:20:01 IST" duration-ms="206" status="PASS">
          <reporter-output>
          </reporter-output>
        </test-method> <!-- tearDown -->
        <test-method is-config="true" signature="setUp(java.lang.reflect.Method,org.testng.ITestContext)[pri:0, instance:nnd.TestCases.DB_RegisterTest@4d666b41]" started-at="2025-02-18T00:20:01 IST" name="setUp" finished-at="2025-02-18T00:20:03 IST" duration-ms="2554" status="PASS">
          <params>
            <param index="0">
              <value>
                <![CDATA[public void nnd.TestCases.DB_RegisterTest.invalidUserSignUp(java.lang.String,java.lang.String) throws java.lang.InterruptedException]]>
              </value>
            </param>
            <param index="1">
              <value>
                <![CDATA[org.testng.TestRunner@4f1bfab4]]>
              </value>
            </param>
          </params>
          <reporter-output>
          </reporter-output>
        </test-method> <!-- setUp -->
        <test-method signature="invalidUserSignUp(java.lang.String,java.lang.String)[pri:0, instance:nnd.TestCases.DB_RegisterTest@4d666b41]" started-at="2025-02-18T00:20:03 IST" name="invalidUserSignUp" description="RegisterTest_TC02 invalid user sign Up " data-provider="invalidUserData" finished-at="2025-02-18T00:20:14 IST" duration-ms="10604" status="PASS">
          <params>
            <param index="0">
              <value>
                <![CDATA[dhan6000]]>
              </value>
            </param>
            <param index="1">
              <value>
                <![CDATA[dhan@6000]]>
              </value>
            </param>
          </params>
          <reporter-output>
          </reporter-output>
        </test-method> <!-- invalidUserSignUp -->
        <test-method is-config="true" signature="tearDown()[pri:0, instance:nnd.TestCases.DB_RegisterTest@4d666b41]" started-at="2025-02-18T00:20:14 IST" name="tearDown" finished-at="2025-02-18T00:20:14 IST" duration-ms="232" status="PASS">
          <reporter-output>
          </reporter-output>
        </test-method> <!-- tearDown -->
      </class> <!-- nnd.TestCases.DB_RegisterTest -->
    </test> <!-- Demo Blaze Functional Tests -->
  </suite> <!-- Demo Blaze Suite -->
</testng-results>
