<?xml version="1.0" encoding="UTF-8"?>
<!-- Generated by org.testng.reporters.JUnitXMLReporter -->
<testsuite ignored="1" hostname="IN15I51216GR512" failures="0" tests="7" name="Demo Blaze Functional Tests" time="82.718" errors="0" timestamp="2025-02-18T00:21:07 IST">
  <testcase classname="nnd.TestCases.DB_RegisterTest" name="invalidUserSignUp" time="10.424"/>
  <testcase classname="nnd.TestCases.DB_RegisterTest" name="invalidUserSignUp" time="10.604"/>
  <testcase classname="nnd.TestCases.DB_LoginTest" name="validUserLogin" time="5.477"/>
  <testcase classname="nnd.TestCases.DB_LoginTest" name="validUserLogin" time="5.513"/>
  <testcase classname="nnd.TestCases.DB_LoginTest" name="inValidUserLogin" time="8.469"/>
  <testcase classname="nnd.TestCases.DB_LoginTest" name="inValidUserLogin" time="8.466"/>
  <testcase classname="nnd.TestCases.DB_HomeTest" name="verifyPurchaseItem" time="7.085"/>
  <testcase classname="nnd.TestCases.DB_RegisterTest" name="validUserSignUp" time="0.0">
    <ignored/>
  </testcase> <!-- validUserSignUp -->
</testsuite> <!-- Demo Blaze Functional Tests -->
